C51 COMPILER V9.60.0.0   BLINK_LED                                                         07/21/2021 18:19:40 PAGE 1   


C51 COMPILER V9.60.0.0, COMPILATION OF MODULE BLINK_LED
OBJECT MODULE PLACED IN .\Objects\blink led.obj
COMPILER INVOKED BY: C:\Keil_v5\C51\BIN\C51.EXE blink led.c OPTIMIZE(8,SPEED) BROWSE DEBUG OBJECTEXTEND PRINT(.\Listings
                    -\blink led.lst) TABS(2) OBJECT(.\Objects\blink led.obj)

line level    source

   1          #include<reg51.h>
   2          #define led P2
   3          void delay(void)
   4          {
   5   1        unsigned int i;
   6   1        for(i=0;i<10000;i++);
   7   1      }
   8          
   9          void main()
  10          {
  11   1        while(1)
  12   1        led=0x00;
  13   1        delay();
  14   1        led=0xFF;
  15   1        delay();
  16   1      }
  17            
*** WARNING C294 IN LINE 13 OF blink led.c: unreachable code


MODULE INFORMATION:   STATIC OVERLAYABLE
   CODE SIZE        =     20    ----
   CONSTANT SIZE    =   ----    ----
   XDATA SIZE       =   ----    ----
   PDATA SIZE       =   ----    ----
   DATA SIZE        =   ----    ----
   IDATA SIZE       =   ----    ----
   BIT SIZE         =   ----    ----
END OF MODULE INFORMATION.


C51 COMPILATION COMPLETE.  1 WARNING(S),  0 ERROR(S)
